<?xml version="1.0" encoding="UTF-8" ?>
<testsuite failures="0" time="0.5" errors="0" skipped="0" tests="1" name="com.bookwriter.model.BookTest">
  <properties>
    <property name="java.vendor" value="Sun Microsystems Inc."/>
    <property name="localRepository" value="C:\Documents and Settings\root\.m2\repository"/>
    <property name="sun.java.launcher" value="SUN_STANDARD"/>
    <property name="sun.management.compiler" value="HotSpot Client Compiler"/>
    <property name="env.PROMPT" value="$P$G"/>
    <property name="env.COMMANDER_PATH" value="C:\Program Files\Total Commander XP"/>
    <property name="os.name" value="Windows XP"/>
    <property name="env.FP_NO_HOST_CHECK" value="NO"/>
    <property name="sun.boot.class.path" value="C:\Program Files\Java\jre6\lib\resources.jar;C:\Program Files\Java\jre6\lib\rt.jar;C:\Program Files\Java\jre6\lib\sunrsasign.jar;C:\Program Files\Java\jre6\lib\jsse.jar;C:\Program Files\Java\jre6\lib\jce.jar;C:\Program Files\Java\jre6\lib\charsets.jar;C:\Program Files\Java\jre6\classes"/>
    <property name="env.COMPUTERNAME" value="BSN"/>
    <property name="env.ALLUSERSPROFILE" value="C:\Documents and Settings\All Users"/>
    <property name="sun.desktop" value="windows"/>
    <property name="java.vm.specification.vendor" value="Sun Microsystems Inc."/>
    <property name="java.runtime.version" value="1.6.0_17-b04"/>
    <property name="env.lib" value="D:\VC98\mfc\lib;D:\VC98\lib"/>
    <property name="env.HOMEPATH" value="\Documents and Settings\root"/>
    <property name="user.name" value="root"/>
    <property name="user.language" value="ru"/>
    <property name="sun.boot.library.path" value="C:\Program Files\Java\jre6\bin"/>
    <property name="classworlds.conf" value="D:\Programming\IBM\eclipse\workspace\.metadata\.plugins\org.maven.ide.eclipse\launches\m2conf1033482995879381913.tmp"/>
    <property name="java.version" value="1.6.0_17"/>
    <property name="env.PROCESSOR_IDENTIFIER" value="x86 Family 15 Model 44 Stepping 2, AuthenticAMD"/>
    <property name="user.timezone" value="Europe/Helsinki"/>
    <property name="env.CLIENTNAME" value="Console"/>
    <property name="env.TEMP" value="C:\DOCUME~1\root\LOCALS~1\Temp"/>
    <property name="sun.arch.data.model" value="32"/>
    <property name="env.APR_ICONV_PATH" value="C:\Program Files\Subversion\iconv"/>
    <property name="java.endorsed.dirs" value="C:\Program Files\Java\jre6\lib\endorsed"/>
    <property name="sun.cpu.isalist" value=""/>
    <property name="env.HOMEDRIVE" value="C:"/>
    <property name="sun.jnu.encoding" value="Cp1251"/>
    <property name="file.encoding.pkg" value="sun.io"/>
    <property name="file.separator" value="\"/>
    <property name="java.specification.name" value="Java Platform API Specification"/>
    <property name="java.class.version" value="50.0"/>
    <property name="user.country" value="RU"/>
    <property name="java.home" value="C:\Program Files\Java\jre6"/>
    <property name="env.APPDATA" value="C:\Documents and Settings\root\Application Data"/>
    <property name="java.vm.info" value="mixed mode, sharing"/>
    <property name="env.ComSpec" value="C:\WINDOWS\system32\cmd.exe"/>
    <property name="env.OS" value="Windows_NT"/>
    <property name="env.CommonProgramFiles" value="C:\Program Files\Common Files"/>
    <property name="os.version" value="5.1"/>
    <property name="path.separator" value=";"/>
    <property name="java.vm.version" value="14.3-b01"/>
    <property name="user.variant" value=""/>
    <property name="env.USERPROFILE" value="C:\Documents and Settings\root"/>
    <property name="env.JAVA_HOME" value="c:\Program Files\Java\jdk1.6.0\"/>
    <property name="java.awt.printerjob" value="sun.awt.windows.WPrinterJob"/>
    <property name="env.TMP" value="C:\DOCUME~1\root\LOCALS~1\Temp"/>
    <property name="sun.io.unicode.encoding" value="UnicodeLittle"/>
    <property name="awt.toolkit" value="sun.awt.windows.WToolkit"/>
    <property name="env.MSDevDir" value="D:\Program Files\MSDev98"/>
    <property name="user.home" value="C:\Documents and Settings\root"/>
    <property name="env.SESSIONNAME" value="Console"/>
    <property name="java.specification.vendor" value="Sun Microsystems Inc."/>
    <property name="env.VS80COMNTOOLS" value="D:\Program Files\Microsoft Visual Studio 8\Common7\Tools\"/>
    <property name="env.NUMBER_OF_PROCESSORS" value="1"/>
    <property name="java.library.path" value="C:\Program Files\Java\jre6\bin;.;C:\WINDOWS\Sun\Java\bin;C:\WINDOWS\system32;C:\WINDOWS;C:/Program Files/Java/jre6/bin/client;C:/Program Files/Java/jre6/bin;D:\Program Files\CodeGear\RAD Studio\6.0\bin;C:\Documents and Settings\All Users\Documents\RAD Studio\6.0\Bpl;E:\oracle\product\10.2.0\db_1\bin;C:\WINDOWS\system32;C:\WINDOWS;C:\WINDOWS\System32\Wbem;C:\Program Files\MySQL\MySQL Server 4.1\bin;C:\Program Files\Common Files\Adobe\AGL;C:\Program Files\Subversion\bin;C:\Program Files\jEdit;C:\Program Files\TortoiseSVN\bin;c:\Program Files\Java\jdk1.6.0\\bin\;;C:\Program Files\Delphi 10 Lite\bin;D:\Programming\Maven\apache-maven-2.0.9\bin\;D:\Programming\ant\bin\;C:\Program Files\Microsoft SQL Server\90\Tools\binn\;;C:\Program Files\EurekaLog 6\Delphi10;C:\Program Files\EurekaLog 6\CBuilder10;C:\Program Files\EurekaLog 6\Delphi12;C:\Program Files\EurekaLog 6\CBuilder12;C:\Documents and Settings\root\My Documents\Borland Studio Projects\Bpl;D:\Program Files\Tools\WinNT;D:\Program Files\MSDev98\Bin;D:\Program Files\Tools;D:\VC98\bin;C:\Program Files\OpenVPN\bin"/>
    <property name="java.vendor.url" value="http://java.sun.com/"/>
    <property name="java.vm.vendor" value="Sun Microsystems Inc."/>
    <property name="maven.home" value="EMBEDDED"/>
    <property name="java.runtime.name" value="Java(TM) SE Runtime Environment"/>
    <property name="java.class.path" value="/D:/Programming/IBM/eclipse/plugins/org.maven.ide.components.maven_embedder_2.1.0.20080530-2300/jars/plexus-classworlds-1.2-alpha-12.jar"/>
    <property name="java.vm.specification.name" value="Java Virtual Machine Specification"/>
    <property name="env.LOGONSERVER" value="\\BSN"/>
    <property name="env.windir" value="C:\WINDOWS"/>
    <property name="java.vm.specification.version" value="1.0"/>
    <property name="env.PROCESSOR_ARCHITECTURE" value="x86"/>
    <property name="m2eclipse.workspace.state" value="D:\Programming\IBM\eclipse\workspace\.metadata\.plugins\org.maven.ide.eclipse\workspacestate.properties"/>
    <property name="sun.os.patch.level" value="Service Pack 2"/>
    <property name="sun.cpu.endian" value="little"/>
    <property name="env.ProgramFiles" value="C:\Program Files"/>
    <property name="surefire.test.class.path" value="D:\Programming\IBM\eclipse\workspace\bookwriter\bookwriter-model\target\test-classes;D:\Programming\IBM\eclipse\workspace\bookwriter\bookwriter-model\target\classes;C:\Documents and Settings\root\.m2\repository\junit\junit\3.8.1\junit-3.8.1.jar;C:\Documents and Settings\root\.m2\repository\org\springframework\security\spring-security-core\2.0.4\spring-security-core-2.0.4.jar;C:\Documents and Settings\root\.m2\repository\org\springframework\spring-core\2.0.8\spring-core-2.0.8.jar;C:\Documents and Settings\root\.m2\repository\commons-logging\commons-logging\1.1.1\commons-logging-1.1.1.jar;C:\Documents and Settings\root\.m2\repository\log4j\log4j\1.2.14\log4j-1.2.14.jar;C:\Documents and Settings\root\.m2\repository\org\springframework\spring-context\2.0.8\spring-context-2.0.8.jar;C:\Documents and Settings\root\.m2\repository\aopalliance\aopalliance\1.0\aopalliance-1.0.jar;C:\Documents and Settings\root\.m2\repository\org\springframework\spring-beans\2.0.8\spring-beans-2.0.8.jar;C:\Documents and Settings\root\.m2\repository\org\springframework\spring-aop\2.0.8\spring-aop-2.0.8.jar;C:\Documents and Settings\root\.m2\repository\org\springframework\spring-support\2.0.8\spring-support-2.0.8.jar;C:\Documents and Settings\root\.m2\repository\commons-codec\commons-codec\1.3\commons-codec-1.3.jar;C:\Documents and Settings\root\.m2\repository\commons-collections\commons-collections\3.2\commons-collections-3.2.jar;C:\Documents and Settings\root\.m2\repository\org\springframework\security\spring-security-core-tiger\2.0.4\spring-security-core-tiger-2.0.4.jar;C:\Documents and Settings\root\.m2\repository\org\springframework\security\spring-security-taglibs\2.0.4\spring-security-taglibs-2.0.4.jar;C:\Documents and Settings\root\.m2\repository\org\springframework\security\spring-security-acl\2.0.4\spring-security-acl-2.0.4.jar;C:\Documents and Settings\root\.m2\repository\org\springframework\spring-jdbc\2.0.8\spring-jdbc-2.0.8.jar;C:\Documents and Settings\root\.m2\repository\org\springframework\spring-dao\2.0.8\spring-dao-2.0.8.jar;C:\Documents and Settings\root\.m2\repository\org\springframework\spring-web\2.0.8\spring-web-2.0.8.jar;C:\Documents and Settings\root\.m2\repository\org\springframework\spring-webmvc\2.0.8\spring-webmvc-2.0.8.jar;C:\Documents and Settings\root\.m2\repository\org\springframework\spring\2.0.8\spring-2.0.8.jar;C:\Documents and Settings\root\.m2\repository\org\hibernate\hibernate\3.2.1.ga\hibernate-3.2.1.ga.jar;C:\Documents and Settings\root\.m2\repository\net\sf\ehcache\ehcache\1.2.3\ehcache-1.2.3.jar;C:\Documents and Settings\root\.m2\repository\javax\transaction\jta\1.0.1B\jta-1.0.1B.jar;C:\Documents and Settings\root\.m2\repository\asm\asm-attrs\1.5.3\asm-attrs-1.5.3.jar;C:\Documents and Settings\root\.m2\repository\dom4j\dom4j\1.6.1\dom4j-1.6.1.jar;C:\Documents and Settings\root\.m2\repository\antlr\antlr\2.7.6\antlr-2.7.6.jar;C:\Documents and Settings\root\.m2\repository\cglib\cglib\2.1_3\cglib-2.1_3.jar;C:\Documents and Settings\root\.m2\repository\asm\asm\1.5.3\asm-1.5.3.jar;C:\Documents and Settings\root\.m2\repository\org\hibernate\hibernate-annotations\3.2.1.ga\hibernate-annotations-3.2.1.ga.jar;C:\Documents and Settings\root\.m2\repository\javax\persistence\persistence-api\1.0\persistence-api-1.0.jar;C:\Documents and Settings\root\.m2\repository\org\hibernate\hibernate-entitymanager\3.2.1.ga\hibernate-entitymanager-3.2.1.ga.jar;C:\Documents and Settings\root\.m2\repository\jboss\javassist\3.3.ga\javassist-3.3.ga.jar;C:\Documents and Settings\root\.m2\repository\jboss\jboss-archive-browsing\5.0.0alpha-200607201-119\jboss-archive-browsing-5.0.0alpha-200607201-119.jar;C:\Documents and Settings\root\.m2\repository\commons-lang\commons-lang\2.3\commons-lang-2.3.jar;C:\Documents and Settings\root\.m2\repository\commons-logging\commons-logging-api\1.0.4\commons-logging-api-1.0.4.jar;C:\Documents and Settings\root\.m2\repository\mysql\mysql-connector-java\5.1.6\mysql-connector-java-5.1.6.jar;"/>
    <property name="java.io.tmpdir" value="C:\DOCUME~1\root\LOCALS~1\Temp\"/>
    <property name="env.PROCESSOR_REVISION" value="2c02"/>
    <property name="env.VBOX_INSTALL_PATH" value="C:\Program Files\Sun\VirtualBox\"/>
    <property name="java.vendor.url.bug" value="http://java.sun.com/cgi-bin/bugreport.cgi"/>
    <property name="env.SystemRoot" value="C:\WINDOWS"/>
    <property name="java.awt.graphicsenv" value="sun.awt.Win32GraphicsEnvironment"/>
    <property name="os.arch" value="x86"/>
    <property name="env.CG_BOOST_ROOT" value="D:\Program Files\CodeGear\RAD Studio\6.0\include\boost_1_35"/>
    <property name="java.ext.dirs" value="C:\Program Files\Java\jre6\lib\ext;C:\WINDOWS\Sun\Java\lib\ext"/>
    <property name="env.PERL5LIB" value="E:\oracle\product\10.2.0\db_1\perl\5.8.3\lib\MSWin32-x86;E:\oracle\product\10.2.0\db_1\perl\5.8.3\lib;E:\oracle\product\10.2.0\db_1\perl\5.8.3\lib\MSWin32-x86;E:\oracle\product\10.2.0\db_1\perl\site\5.8.3;E:\oracle\product\10.2.0\db_1\perl\site\5.8.3\lib;E:\oracle\product\10.2.0\db_1\sysman\admin\scripts;"/>
    <property name="user.dir" value="D:\Programming\IBM\eclipse\workspace\bookwriter\bookwriter-model"/>
    <property name="line.separator" value="
"/>
    <property name="env.EL_PATHS" value=";C:\Program Files\EurekaLog 6\Delphi10;C:\Program Files\EurekaLog 6\CBuilder10;C:\Program Files\EurekaLog 6\Delphi12;C:\Program Files\EurekaLog 6\CBuilder12"/>
    <property name="java.vm.name" value="Java HotSpot(TM) Client VM"/>
    <property name="env.PATHEXT" value=".COM;.EXE;.BAT;.CMD;.VBS;.VBE;.JS;.JSE;.WSF;.WSH"/>
    <property name="env.Path" value="C:/Program Files/Java/jre6/bin/client;C:/Program Files/Java/jre6/bin;D:\Program Files\CodeGear\RAD Studio\6.0\bin;C:\Documents and Settings\All Users\Documents\RAD Studio\6.0\Bpl;E:\oracle\product\10.2.0\db_1\bin;C:\WINDOWS\system32;C:\WINDOWS;C:\WINDOWS\System32\Wbem;C:\Program Files\MySQL\MySQL Server 4.1\bin;C:\Program Files\Common Files\Adobe\AGL;C:\Program Files\Subversion\bin;C:\Program Files\jEdit;C:\Program Files\TortoiseSVN\bin;c:\Program Files\Java\jdk1.6.0\\bin\;;C:\Program Files\Delphi 10 Lite\bin;D:\Programming\Maven\apache-maven-2.0.9\bin\;D:\Programming\ant\bin\;C:\Program Files\Microsoft SQL Server\90\Tools\binn\;;C:\Program Files\EurekaLog 6\Delphi10;C:\Program Files\EurekaLog 6\CBuilder10;C:\Program Files\EurekaLog 6\Delphi12;C:\Program Files\EurekaLog 6\CBuilder12;C:\Documents and Settings\root\My Documents\Borland Studio Projects\Bpl;D:\Program Files\Tools\WinNT;D:\Program Files\MSDev98\Bin;D:\Program Files\Tools;D:\VC98\bin;C:\Program Files\OpenVPN\bin"/>
    <property name="basedir" value="D:\Programming\IBM\eclipse\workspace\bookwriter\bookwriter-model"/>
    <property name="env.VISUALSVN_SERVER" value="C:\Program Files\VisualSVN Server\"/>
    <property name="maven.mode.standalone" value="true"/>
    <property name="env.USERNAME" value="root"/>
    <property name="env.SystemDrive" value="C:"/>
    <property name="file.encoding" value="Cp1251"/>
    <property name="env.USERDOMAIN" value="BSN"/>
    <property name="env.include" value="D:\VC98\atl\include;D:\VC98\mfc\include;D:\VC98\include"/>
    <property name="java.specification.version" value="1.6"/>
    <property name="env.PROCESSOR_LEVEL" value="15"/>
  </properties>
  <testcase time="0.5" classname="com.bookwriter.model.BookTest" name="testInsertData"/>
</testsuite>